[0m10:18:44.351174 [debug] [MainThread]: Sending event: {'category': 'dbt', 'action': 'invocation', 'label': 'start', 'context': [<snowplow_tracker.self_describing_json.SelfDescribingJson object at 0x110039010>, <snowplow_tracker.self_describing_json.SelfDescribingJson object at 0x11165bb10>, <snowplow_tracker.self_describing_json.SelfDescribingJson object at 0x11165b9d0>]}


============================== 10:18:44.353713 | de721c9b-4fa6-49ed-859c-bd9218d6c4e7 ==============================
[0m10:18:44.353713 [info ] [MainThread]: Running with dbt=1.10.11
[0m10:18:44.353987 [debug] [MainThread]: running dbt with arguments {'profiles_dir': '../', 'use_colors': 'True', 'invocation_command': 'dbt parse', 'warn_error_options': 'WarnErrorOptionsV2(error=[], warn=[], silence=[])', 'partial_parse': 'True', 'printer_width': '80', 'cache_selected_only': 'False', 'quiet': 'False', 'no_print': 'None', 'version_check': 'True', 'write_json': 'True', 'log_path': '/Users/levan/Documents/GitHub/mini-labs-data-engineer/03-clickhouse-magic-shop/magic_shop/logs', 'debug': 'False', 'log_cache_events': 'False', 'empty': 'None', 'use_experimental_parser': 'False', 'log_format': 'default', 'send_anonymous_usage_stats': 'True', 'target_path': 'None', 'introspect': 'True', 'fail_fast': 'False', 'static_parser': 'True', 'indirect_selection': 'eager', 'warn_error': 'None'}
[0m10:18:44.423305 [debug] [MainThread]: Sending event: {'category': 'dbt', 'action': 'project_id', 'label': 'de721c9b-4fa6-49ed-859c-bd9218d6c4e7', 'context': [<snowplow_tracker.self_describing_json.SelfDescribingJson object at 0x1105d8640>]}
[0m10:18:44.446681 [debug] [MainThread]: Sending event: {'category': 'dbt', 'action': 'adapter_info', 'label': 'de721c9b-4fa6-49ed-859c-bd9218d6c4e7', 'context': [<snowplow_tracker.self_describing_json.SelfDescribingJson object at 0x1114ed6a0>]}
[0m10:18:44.447249 [info ] [MainThread]: Registered adapter: clickhouse=1.9.3
[0m10:18:44.486570 [debug] [MainThread]: checksum: 5335e1629744fab92fa7809c625edbb36f0d7063a879d6215c971798f27e66f9, vars: {}, profile: , target: , version: 1.10.11
[0m10:18:44.486975 [info ] [MainThread]: Unable to do partial parsing because saved manifest not found. Starting full parse.
[0m10:18:44.487142 [debug] [MainThread]: Sending event: {'category': 'dbt', 'action': 'partial_parser', 'label': 'de721c9b-4fa6-49ed-859c-bd9218d6c4e7', 'context': [<snowplow_tracker.self_describing_json.SelfDescribingJson object at 0x111711650>]}
[0m10:18:44.999640 [warn ] [MainThread]: [[33mWARNING[0m][MissingArgumentsPropertyInGenericTestDeprecation]: Deprecated
functionality
Found top-level arguments to test `accepted_values`. Arguments to generic tests
should be nested under the `arguments` property.`
[0m10:18:44.999917 [debug] [MainThread]: Sending event: {'category': 'dbt', 'action': 'deprecation', 'label': 'de721c9b-4fa6-49ed-859c-bd9218d6c4e7', 'property_': 'warn', 'context': [<snowplow_tracker.self_describing_json.SelfDescribingJson object at 0x111fded50>]}
[0m10:18:45.078320 [debug] [MainThread]: Sending event: {'category': 'dbt', 'action': 'load_project', 'label': 'de721c9b-4fa6-49ed-859c-bd9218d6c4e7', 'context': [<snowplow_tracker.self_describing_json.SelfDescribingJson object at 0x1116682f0>]}
[0m10:18:45.079849 [info ] [MainThread]: Performance info: /Users/levan/Documents/GitHub/mini-labs-data-engineer/03-clickhouse-magic-shop/magic_shop/target/perf_info.json
[0m10:18:45.116598 [debug] [MainThread]: Wrote artifact WritableManifest to /Users/levan/Documents/GitHub/mini-labs-data-engineer/03-clickhouse-magic-shop/magic_shop/target/manifest.json
[0m10:18:45.117696 [debug] [MainThread]: Wrote artifact SemanticManifest to /Users/levan/Documents/GitHub/mini-labs-data-engineer/03-clickhouse-magic-shop/magic_shop/target/semantic_manifest.json
[0m10:18:45.117945 [warn ] [MainThread]: [[33mWARNING[0m][DeprecationsSummary]: Deprecated functionality
Summary of encountered deprecations:
- MissingArgumentsPropertyInGenericTestDeprecation: 1 occurrence
To see all deprecation instances instead of just the first occurrence of each,
run command again with the `--show-all-deprecations` flag. You may also need to
run with `--no-partial-parse` as some deprecations are only encountered during
parsing.
[0m10:18:45.457844 [debug] [MainThread]: Resource report: {"command_name": "parse", "command_success": true, "command_wall_clock_time": 1.1399168, "process_in_blocks": "0", "process_kernel_time": 0.136722, "process_mem_max_rss": "138461184", "process_out_blocks": "0", "process_user_time": 1.260541}
[0m10:18:45.458462 [debug] [MainThread]: Command `dbt parse` succeeded at 10:18:45.458385 after 1.14 seconds
[0m10:18:45.458781 [debug] [MainThread]: Sending event: {'category': 'dbt', 'action': 'invocation', 'label': 'end', 'context': [<snowplow_tracker.self_describing_json.SelfDescribingJson object at 0x111c4f1e0>, <snowplow_tracker.self_describing_json.SelfDescribingJson object at 0x111452990>, <snowplow_tracker.self_describing_json.SelfDescribingJson object at 0x111ffa5d0>]}
[0m10:18:45.459071 [debug] [MainThread]: Flushing usage events
[0m10:18:47.015479 [debug] [MainThread]: An error was encountered while trying to flush usage events
[0m10:22:00.629573 [debug] [MainThread]: Sending event: {'category': 'dbt', 'action': 'invocation', 'label': 'start', 'context': [<snowplow_tracker.self_describing_json.SelfDescribingJson object at 0x110a3d010>, <snowplow_tracker.self_describing_json.SelfDescribingJson object at 0x11255bb10>, <snowplow_tracker.self_describing_json.SelfDescribingJson object at 0x11255b9d0>]}


============================== 10:22:00.631391 | 24a968ac-6910-43c7-a267-46aea87e923a ==============================
[0m10:22:00.631391 [info ] [MainThread]: Running with dbt=1.10.11
[0m10:22:00.631658 [debug] [MainThread]: running dbt with arguments {'log_cache_events': 'False', 'debug': 'False', 'invocation_command': 'dbt parse --no-partial-parse', 'use_colors': 'True', 'empty': 'None', 'quiet': 'False', 'partial_parse': 'False', 'version_check': 'True', 'indirect_selection': 'eager', 'log_path': '/Users/levan/Documents/GitHub/mini-labs-data-engineer/03-clickhouse-magic-shop/magic_shop/logs', 'target_path': 'None', 'log_format': 'default', 'static_parser': 'True', 'use_experimental_parser': 'False', 'cache_selected_only': 'False', 'introspect': 'True', 'send_anonymous_usage_stats': 'True', 'write_json': 'True', 'warn_error_options': 'WarnErrorOptionsV2(error=[], warn=[], silence=[])', 'no_print': 'None', 'warn_error': 'None', 'profiles_dir': '../', 'fail_fast': 'False', 'printer_width': '80'}
[0m10:22:00.696313 [debug] [MainThread]: Sending event: {'category': 'dbt', 'action': 'project_id', 'label': '24a968ac-6910-43c7-a267-46aea87e923a', 'context': [<snowplow_tracker.self_describing_json.SelfDescribingJson object at 0x110dd8640>]}
[0m10:22:00.716927 [debug] [MainThread]: Sending event: {'category': 'dbt', 'action': 'adapter_info', 'label': '24a968ac-6910-43c7-a267-46aea87e923a', 'context': [<snowplow_tracker.self_describing_json.SelfDescribingJson object at 0x1123ed6a0>]}
[0m10:22:00.717338 [info ] [MainThread]: Registered adapter: clickhouse=1.9.3
[0m10:22:00.751764 [debug] [MainThread]: checksum: 5335e1629744fab92fa7809c625edbb36f0d7063a879d6215c971798f27e66f9, vars: {}, profile: , target: , version: 1.10.11
[0m10:22:00.752143 [debug] [MainThread]: Partial parsing not enabled
[0m10:22:01.337733 [debug] [MainThread]: Sending event: {'category': 'dbt', 'action': 'load_project', 'label': '24a968ac-6910-43c7-a267-46aea87e923a', 'context': [<snowplow_tracker.self_describing_json.SelfDescribingJson object at 0x11301d050>]}
[0m10:22:01.339228 [info ] [MainThread]: Performance info: /Users/levan/Documents/GitHub/mini-labs-data-engineer/03-clickhouse-magic-shop/magic_shop/target/perf_info.json
[0m10:22:01.375952 [debug] [MainThread]: Wrote artifact WritableManifest to /Users/levan/Documents/GitHub/mini-labs-data-engineer/03-clickhouse-magic-shop/magic_shop/target/manifest.json
[0m10:22:01.376842 [debug] [MainThread]: Wrote artifact SemanticManifest to /Users/levan/Documents/GitHub/mini-labs-data-engineer/03-clickhouse-magic-shop/magic_shop/target/semantic_manifest.json
[0m10:22:01.378099 [debug] [MainThread]: Resource report: {"command_name": "parse", "command_success": true, "command_wall_clock_time": 0.7767532, "process_in_blocks": "0", "process_kernel_time": 0.129178, "process_mem_max_rss": "137822208", "process_out_blocks": "0", "process_user_time": 1.234571}
[0m10:22:01.378273 [debug] [MainThread]: Command `dbt parse` succeeded at 10:22:01.378239 after 0.78 seconds
[0m10:22:01.378415 [debug] [MainThread]: Sending event: {'category': 'dbt', 'action': 'invocation', 'label': 'end', 'context': [<snowplow_tracker.self_describing_json.SelfDescribingJson object at 0x112fdae40>, <snowplow_tracker.self_describing_json.SelfDescribingJson object at 0x112fda4e0>, <snowplow_tracker.self_describing_json.SelfDescribingJson object at 0x11240be70>]}
[0m10:22:01.378550 [debug] [MainThread]: Flushing usage events
[0m10:22:02.729243 [debug] [MainThread]: An error was encountered while trying to flush usage events
